ERROR - 2023-09-21 20:20:40 --> Error connecting to the database: mysqli_sql_exception: No se puede establecer una conexión ya que el equipo de destino denegó expresamente dicha conexión.
 in C:\xampp\htdocs\marcos\system\Database\MySQLi\Connection.php:174
Stack trace:
#0 C:\xampp\htdocs\marcos\system\Database\MySQLi\Connection.php(174): mysqli->real_connect('localhost', 'root', '', 'romero_m', 3306, '', 0)
#1 C:\xampp\htdocs\marcos\system\Database\BaseConnection.php(391): CodeIgniter\Database\MySQLi\Connection->connect(false)
#2 C:\xampp\htdocs\marcos\system\Database\BaseConnection.php(574): CodeIgniter\Database\BaseConnection->initialize()
#3 C:\xampp\htdocs\marcos\system\Database\BaseBuilder.php(1616): CodeIgniter\Database\BaseConnection->query('SELECT 1\nFROM `...', Array, false)
#4 C:\xampp\htdocs\marcos\system\Validation\StrictRules\Rules.php(206): CodeIgniter\Database\BaseBuilder->get()
#5 C:\xampp\htdocs\marcos\system\Validation\Validation.php(278): CodeIgniter\Validation\StrictRules\Rules->is_unique('nose5@nose.com', 'email', Array, NULL, 'email')
#6 C:\xampp\htdocs\marcos\system\Validation\Validation.php(182): CodeIgniter\Validation\Validation->processRules('email', 'email', 'nose5@nose.com', Array, Array)
#7 C:\xampp\htdocs\marcos\system\Controller.php(141): CodeIgniter\Validation\Validation->run()
#8 C:\xampp\htdocs\marcos\app\Controllers\usuario_controller.php(24): CodeIgniter\Controller->validate(Array)
#9 C:\xampp\htdocs\marcos\system\CodeIgniter.php(932): App\Controllers\usuario_controller->formValidation()
#10 C:\xampp\htdocs\marcos\system\CodeIgniter.php(497): CodeIgniter\CodeIgniter->runController(Object(App\Controllers\usuario_controller))
#11 C:\xampp\htdocs\marcos\system\CodeIgniter.php(366): CodeIgniter\CodeIgniter->handleRequest(NULL, Object(Config\Cache), false)
#12 C:\xampp\htdocs\marcos\index.php(67): CodeIgniter\CodeIgniter->run()
#13 {main}

Next CodeIgniter\Database\Exceptions\DatabaseException: No se puede establecer una conexión ya que el equipo de destino denegó expresamente dicha conexión.
 in C:\xampp\htdocs\marcos\system\Database\MySQLi\Connection.php:218
Stack trace:
#0 C:\xampp\htdocs\marcos\system\Database\BaseConnection.php(391): CodeIgniter\Database\MySQLi\Connection->connect(false)
#1 C:\xampp\htdocs\marcos\system\Database\BaseConnection.php(574): CodeIgniter\Database\BaseConnection->initialize()
#2 C:\xampp\htdocs\marcos\system\Database\BaseBuilder.php(1616): CodeIgniter\Database\BaseConnection->query('SELECT 1\nFROM `...', Array, false)
#3 C:\xampp\htdocs\marcos\system\Validation\StrictRules\Rules.php(206): CodeIgniter\Database\BaseBuilder->get()
#4 C:\xampp\htdocs\marcos\system\Validation\Validation.php(278): CodeIgniter\Validation\StrictRules\Rules->is_unique('nose5@nose.com', 'email', Array, NULL, 'email')
#5 C:\xampp\htdocs\marcos\system\Validation\Validation.php(182): CodeIgniter\Validation\Validation->processRules('email', 'email', 'nose5@nose.com', Array, Array)
#6 C:\xampp\htdocs\marcos\system\Controller.php(141): CodeIgniter\Validation\Validation->run()
#7 C:\xampp\htdocs\marcos\app\Controllers\usuario_controller.php(24): CodeIgniter\Controller->validate(Array)
#8 C:\xampp\htdocs\marcos\system\CodeIgniter.php(932): App\Controllers\usuario_controller->formValidation()
#9 C:\xampp\htdocs\marcos\system\CodeIgniter.php(497): CodeIgniter\CodeIgniter->runController(Object(App\Controllers\usuario_controller))
#10 C:\xampp\htdocs\marcos\system\CodeIgniter.php(366): CodeIgniter\CodeIgniter->handleRequest(NULL, Object(Config\Cache), false)
#11 C:\xampp\htdocs\marcos\index.php(67): CodeIgniter\CodeIgniter->run()
#12 {main}
CRITICAL - 2023-09-21 20:20:40 --> Unable to connect to the database.
Main connection [MySQLi]: No se puede establecer una conexión ya que el equipo de destino denegó expresamente dicha conexión.

in SYSTEMPATH\Database\BaseConnection.php on line 427.
 1 SYSTEMPATH\Database\BaseConnection.php(574): CodeIgniter\Database\BaseConnection->initialize()
 2 SYSTEMPATH\Database\BaseBuilder.php(1616): CodeIgniter\Database\BaseConnection->query('SELECT 1
FROM `usuario`
WHERE `email` = :email:
 LIMIT 1', [...], false)
 3 SYSTEMPATH\Validation\StrictRules\Rules.php(206): CodeIgniter\Database\BaseBuilder->get()
 4 SYSTEMPATH\Validation\Validation.php(278): CodeIgniter\Validation\StrictRules\Rules->is_unique('nose5@nose.com', 'email', [...], null, 'email')
 5 SYSTEMPATH\Validation\Validation.php(182): CodeIgniter\Validation\Validation->processRules('email', 'email', 'nose5@nose.com', [...], [...])
 6 SYSTEMPATH\Controller.php(141): CodeIgniter\Validation\Validation->run()
 7 APPPATH\Controllers\usuario_controller.php(24): CodeIgniter\Controller->validate([...])
 8 SYSTEMPATH\CodeIgniter.php(932): App\Controllers\usuario_controller->formValidation()
 9 SYSTEMPATH\CodeIgniter.php(497): CodeIgniter\CodeIgniter->runController(Object(App\Controllers\usuario_controller))
10 SYSTEMPATH\CodeIgniter.php(366): CodeIgniter\CodeIgniter->handleRequest(null, Object(Config\Cache), false)
11 FCPATH\index.php(67): CodeIgniter\CodeIgniter->run()
