CRITICAL - 2023-09-18 02:31:36 --> Cannot redeclare App\Controllers\Home::reg()
in APPPATH\Controllers\Home.php on line 50.
 1 [internal function]: CodeIgniter\Debug\Exceptions->shutdownHandler()
CRITICAL - 2023-09-18 02:44:41 --> Invalid file: "front/reg.php"
in SYSTEMPATH\Exceptions\FrameworkException.php on line 33.
 1 SYSTEMPATH\View\View.php(212): CodeIgniter\Exceptions\FrameworkException::forInvalidFile('front/reg.php')
 2 SYSTEMPATH\Common.php(1176): CodeIgniter\View\View->render('front/reg', [], true)
 3 APPPATH\Controllers\Home.php(55): view('front/reg')
 4 SYSTEMPATH\CodeIgniter.php(932): App\Controllers\Home->reg()
 5 SYSTEMPATH\CodeIgniter.php(497): CodeIgniter\CodeIgniter->runController(Object(App\Controllers\Home))
 6 SYSTEMPATH\CodeIgniter.php(366): CodeIgniter\CodeIgniter->handleRequest(null, Object(Config\Cache), false)
 7 FCPATH\index.php(67): CodeIgniter\CodeIgniter->run()
CRITICAL - 2023-09-18 02:45:22 --> Invalid file: "front/reg.php"
in SYSTEMPATH\Exceptions\FrameworkException.php on line 33.
 1 SYSTEMPATH\View\View.php(212): CodeIgniter\Exceptions\FrameworkException::forInvalidFile('front/reg.php')
 2 SYSTEMPATH\Common.php(1176): CodeIgniter\View\View->render('front/reg', [], true)
 3 APPPATH\Controllers\Home.php(55): view('front/reg')
 4 SYSTEMPATH\CodeIgniter.php(932): App\Controllers\Home->reg()
 5 SYSTEMPATH\CodeIgniter.php(497): CodeIgniter\CodeIgniter->runController(Object(App\Controllers\Home))
 6 SYSTEMPATH\CodeIgniter.php(366): CodeIgniter\CodeIgniter->handleRequest(null, Object(Config\Cache), false)
 7 FCPATH\index.php(67): CodeIgniter\CodeIgniter->run()
CRITICAL - 2023-09-18 03:05:06 --> syntax error, unexpected end of file
in APPPATH\Views\front\registro.php on line 75.
 1 SYSTEMPATH\View\View.php(227): CodeIgniter\View\View->CodeIgniter\View\{closure}()
 2 SYSTEMPATH\Common.php(1176): CodeIgniter\View\View->render('front/registro', [], true)
 3 APPPATH\Controllers\Home.php(21): view('front/registro')
 4 SYSTEMPATH\CodeIgniter.php(932): App\Controllers\Home->registro()
 5 SYSTEMPATH\CodeIgniter.php(497): CodeIgniter\CodeIgniter->runController(Object(App\Controllers\Home))
 6 SYSTEMPATH\CodeIgniter.php(366): CodeIgniter\CodeIgniter->handleRequest(null, Object(Config\Cache), false)
 7 FCPATH\index.php(67): CodeIgniter\CodeIgniter->run()
CRITICAL - 2023-09-18 03:06:25 --> syntax error, unexpected end of file
in APPPATH\Views\front\registro.php on line 75.
 1 SYSTEMPATH\View\View.php(227): CodeIgniter\View\View->CodeIgniter\View\{closure}()
 2 SYSTEMPATH\Common.php(1176): CodeIgniter\View\View->render('front/registro', [], true)
 3 APPPATH\Controllers\Home.php(21): view('front/registro')
 4 SYSTEMPATH\CodeIgniter.php(932): App\Controllers\Home->registro()
 5 SYSTEMPATH\CodeIgniter.php(497): CodeIgniter\CodeIgniter->runController(Object(App\Controllers\Home))
 6 SYSTEMPATH\CodeIgniter.php(366): CodeIgniter\CodeIgniter->handleRequest(null, Object(Config\Cache), false)
 7 FCPATH\index.php(67): CodeIgniter\CodeIgniter->run()
CRITICAL - 2023-09-18 03:06:29 --> syntax error, unexpected end of file
in APPPATH\Views\front\registro.php on line 75.
 1 SYSTEMPATH\View\View.php(227): CodeIgniter\View\View->CodeIgniter\View\{closure}()
 2 SYSTEMPATH\Common.php(1176): CodeIgniter\View\View->render('front/registro', [], true)
 3 APPPATH\Controllers\Home.php(21): view('front/registro')
 4 SYSTEMPATH\CodeIgniter.php(932): App\Controllers\Home->registro()
 5 SYSTEMPATH\CodeIgniter.php(497): CodeIgniter\CodeIgniter->runController(Object(App\Controllers\Home))
 6 SYSTEMPATH\CodeIgniter.php(366): CodeIgniter\CodeIgniter->handleRequest(null, Object(Config\Cache), false)
 7 FCPATH\index.php(67): CodeIgniter\CodeIgniter->run()
CRITICAL - 2023-09-18 03:09:46 --> syntax error, unexpected end of file
in APPPATH\Views\front\registro.php on line 76.
 1 SYSTEMPATH\View\View.php(227): CodeIgniter\View\View->CodeIgniter\View\{closure}()
 2 SYSTEMPATH\Common.php(1176): CodeIgniter\View\View->render('front/registro', [], true)
 3 APPPATH\Controllers\Home.php(21): view('front/registro')
 4 SYSTEMPATH\CodeIgniter.php(932): App\Controllers\Home->registro()
 5 SYSTEMPATH\CodeIgniter.php(497): CodeIgniter\CodeIgniter->runController(Object(App\Controllers\Home))
 6 SYSTEMPATH\CodeIgniter.php(366): CodeIgniter\CodeIgniter->handleRequest(null, Object(Config\Cache), false)
 7 FCPATH\index.php(67): CodeIgniter\CodeIgniter->run()
CRITICAL - 2023-09-18 15:26:50 --> syntax error, unexpected '$routes' (T_VARIABLE)
in APPPATH\Config\Routes.php on line 39.
 1 SYSTEMPATH\CodeIgniter.php(800): CodeIgniter\Router\RouteCollection->loadRoutes()
 2 SYSTEMPATH\CodeIgniter.php(447): CodeIgniter\CodeIgniter->tryToRouteIt(null)
 3 SYSTEMPATH\CodeIgniter.php(366): CodeIgniter\CodeIgniter->handleRequest(null, Object(Config\Cache), false)
 4 FCPATH\index.php(67): CodeIgniter\CodeIgniter->run()
CRITICAL - 2023-09-18 15:27:35 --> syntax error, unexpected '$routes' (T_VARIABLE)
in APPPATH\Config\Routes.php on line 40.
 1 SYSTEMPATH\CodeIgniter.php(800): CodeIgniter\Router\RouteCollection->loadRoutes()
 2 SYSTEMPATH\CodeIgniter.php(447): CodeIgniter\CodeIgniter->tryToRouteIt(null)
 3 SYSTEMPATH\CodeIgniter.php(366): CodeIgniter\CodeIgniter->handleRequest(null, Object(Config\Cache), false)
 4 FCPATH\index.php(67): CodeIgniter\CodeIgniter->run()
CRITICAL - 2023-09-18 15:27:50 --> syntax error, unexpected '$routes' (T_VARIABLE)
in APPPATH\Config\Routes.php on line 41.
 1 SYSTEMPATH\CodeIgniter.php(800): CodeIgniter\Router\RouteCollection->loadRoutes()
 2 SYSTEMPATH\CodeIgniter.php(447): CodeIgniter\CodeIgniter->tryToRouteIt(null)
 3 SYSTEMPATH\CodeIgniter.php(366): CodeIgniter\CodeIgniter->handleRequest(null, Object(Config\Cache), false)
 4 FCPATH\index.php(67): CodeIgniter\CodeIgniter->run()
CRITICAL - 2023-09-18 15:42:54 --> syntax error, unexpected end of file
in APPPATH\Views\back\usuario\registro.php on line 75.
 1 SYSTEMPATH\View\View.php(227): CodeIgniter\View\View->CodeIgniter\View\{closure}()
 2 SYSTEMPATH\Common.php(1176): CodeIgniter\View\View->render('back/usuario/registro', [], true)
 3 APPPATH\Controllers\Home.php(21): view('back/usuario/registro')
 4 SYSTEMPATH\CodeIgniter.php(932): App\Controllers\Home->registro()
 5 SYSTEMPATH\CodeIgniter.php(497): CodeIgniter\CodeIgniter->runController(Object(App\Controllers\Home))
 6 SYSTEMPATH\CodeIgniter.php(366): CodeIgniter\CodeIgniter->handleRequest(null, Object(Config\Cache), false)
 7 FCPATH\index.php(67): CodeIgniter\CodeIgniter->run()
ERROR - 2023-09-18 22:40:05 --> mysqli_sql_exception: Table 'romero_m.usuarios' doesn't exist in C:\xampp\htdocs\marcos\system\Database\MySQLi\Connection.php:295
Stack trace:
#0 C:\xampp\htdocs\marcos\system\Database\MySQLi\Connection.php(295): mysqli->query('SELECT 1\nFROM `...', 0)
#1 C:\xampp\htdocs\marcos\system\Database\BaseConnection.php(692): CodeIgniter\Database\MySQLi\Connection->execute('SELECT 1\nFROM `...')
#2 C:\xampp\htdocs\marcos\system\Database\BaseConnection.php(606): CodeIgniter\Database\BaseConnection->simpleQuery('SELECT 1\nFROM `...')
#3 C:\xampp\htdocs\marcos\system\Database\BaseBuilder.php(1616): CodeIgniter\Database\BaseConnection->query('SELECT 1\nFROM `...', Array, false)
#4 C:\xampp\htdocs\marcos\system\Validation\StrictRules\Rules.php(206): CodeIgniter\Database\BaseBuilder->get()
#5 C:\xampp\htdocs\marcos\system\Validation\Validation.php(278): CodeIgniter\Validation\StrictRules\Rules->is_unique('marcos@hotmail....', 'email', Array, NULL, 'email')
#6 C:\xampp\htdocs\marcos\system\Validation\Validation.php(182): CodeIgniter\Validation\Validation->processRules('email', 'email', 'marcos@hotmail....', Array, Array)
#7 C:\xampp\htdocs\marcos\system\Controller.php(141): CodeIgniter\Validation\Validation->run()
#8 C:\xampp\htdocs\marcos\app\Controllers\usuario_controller.php(25): CodeIgniter\Controller->validate(Array)
#9 C:\xampp\htdocs\marcos\system\CodeIgniter.php(932): App\Controllers\usuario_controller->formValidation()
#10 C:\xampp\htdocs\marcos\system\CodeIgniter.php(497): CodeIgniter\CodeIgniter->runController(Object(App\Controllers\usuario_controller))
#11 C:\xampp\htdocs\marcos\system\CodeIgniter.php(366): CodeIgniter\CodeIgniter->handleRequest(NULL, Object(Config\Cache), false)
#12 C:\xampp\htdocs\marcos\index.php(67): CodeIgniter\CodeIgniter->run()
#13 {main}
CRITICAL - 2023-09-18 22:40:05 --> Table 'romero_m.usuarios' doesn't exist
in SYSTEMPATH\Database\MySQLi\Connection.php on line 295.
 1 SYSTEMPATH\Database\MySQLi\Connection.php(295): mysqli->query('SELECT 1
FROM `usuarios`
WHERE `email` = \'marcos@hotmail.com\'
 LIMIT 1', 0)
 2 SYSTEMPATH\Database\BaseConnection.php(692): CodeIgniter\Database\MySQLi\Connection->execute('SELECT 1
FROM `usuarios`
WHERE `email` = \'marcos@hotmail.com\'
 LIMIT 1')
 3 SYSTEMPATH\Database\BaseConnection.php(606): CodeIgniter\Database\BaseConnection->simpleQuery('SELECT 1
FROM `usuarios`
WHERE `email` = \'marcos@hotmail.com\'
 LIMIT 1')
 4 SYSTEMPATH\Database\BaseBuilder.php(1616): CodeIgniter\Database\BaseConnection->query('SELECT 1
FROM `usuarios`
WHERE `email` = :email:
 LIMIT 1', [...], false)
 5 SYSTEMPATH\Validation\StrictRules\Rules.php(206): CodeIgniter\Database\BaseBuilder->get()
 6 SYSTEMPATH\Validation\Validation.php(278): CodeIgniter\Validation\StrictRules\Rules->is_unique('marcos@hotmail.com', 'email', [...], null, 'email')
 7 SYSTEMPATH\Validation\Validation.php(182): CodeIgniter\Validation\Validation->processRules('email', 'email', 'marcos@hotmail.com', [...], [...])
 8 SYSTEMPATH\Controller.php(141): CodeIgniter\Validation\Validation->run()
 9 APPPATH\Controllers\usuario_controller.php(25): CodeIgniter\Controller->validate([...])
10 SYSTEMPATH\CodeIgniter.php(932): App\Controllers\usuario_controller->formValidation()
11 SYSTEMPATH\CodeIgniter.php(497): CodeIgniter\CodeIgniter->runController(Object(App\Controllers\usuario_controller))
12 SYSTEMPATH\CodeIgniter.php(366): CodeIgniter\CodeIgniter->handleRequest(null, Object(Config\Cache), false)
13 FCPATH\index.php(67): CodeIgniter\CodeIgniter->run()
ERROR - 2023-09-18 22:51:55 --> mysqli_sql_exception: Table 'romero_m.usuarios' doesn't exist in C:\xampp\htdocs\marcos\system\Database\MySQLi\Connection.php:295
Stack trace:
#0 C:\xampp\htdocs\marcos\system\Database\MySQLi\Connection.php(295): mysqli->query('SELECT 1\nFROM `...', 0)
#1 C:\xampp\htdocs\marcos\system\Database\BaseConnection.php(692): CodeIgniter\Database\MySQLi\Connection->execute('SELECT 1\nFROM `...')
#2 C:\xampp\htdocs\marcos\system\Database\BaseConnection.php(606): CodeIgniter\Database\BaseConnection->simpleQuery('SELECT 1\nFROM `...')
#3 C:\xampp\htdocs\marcos\system\Database\BaseBuilder.php(1616): CodeIgniter\Database\BaseConnection->query('SELECT 1\nFROM `...', Array, false)
#4 C:\xampp\htdocs\marcos\system\Validation\StrictRules\Rules.php(206): CodeIgniter\Database\BaseBuilder->get()
#5 C:\xampp\htdocs\marcos\system\Validation\Validation.php(278): CodeIgniter\Validation\StrictRules\Rules->is_unique('marcos@hotmail....', 'email', Array, NULL, 'email')
#6 C:\xampp\htdocs\marcos\system\Validation\Validation.php(182): CodeIgniter\Validation\Validation->processRules('email', 'email', 'marcos@hotmail....', Array, Array)
#7 C:\xampp\htdocs\marcos\system\Controller.php(141): CodeIgniter\Validation\Validation->run()
#8 C:\xampp\htdocs\marcos\app\Controllers\usuario_controller.php(25): CodeIgniter\Controller->validate(Array)
#9 C:\xampp\htdocs\marcos\system\CodeIgniter.php(932): App\Controllers\usuario_controller->formValidation()
#10 C:\xampp\htdocs\marcos\system\CodeIgniter.php(497): CodeIgniter\CodeIgniter->runController(Object(App\Controllers\usuario_controller))
#11 C:\xampp\htdocs\marcos\system\CodeIgniter.php(366): CodeIgniter\CodeIgniter->handleRequest(NULL, Object(Config\Cache), false)
#12 C:\xampp\htdocs\marcos\index.php(67): CodeIgniter\CodeIgniter->run()
#13 {main}
CRITICAL - 2023-09-18 22:51:55 --> Table 'romero_m.usuarios' doesn't exist
in SYSTEMPATH\Database\MySQLi\Connection.php on line 295.
 1 SYSTEMPATH\Database\MySQLi\Connection.php(295): mysqli->query('SELECT 1
FROM `usuarios`
WHERE `email` = \'marcos@hotmail.com\'
 LIMIT 1', 0)
 2 SYSTEMPATH\Database\BaseConnection.php(692): CodeIgniter\Database\MySQLi\Connection->execute('SELECT 1
FROM `usuarios`
WHERE `email` = \'marcos@hotmail.com\'
 LIMIT 1')
 3 SYSTEMPATH\Database\BaseConnection.php(606): CodeIgniter\Database\BaseConnection->simpleQuery('SELECT 1
FROM `usuarios`
WHERE `email` = \'marcos@hotmail.com\'
 LIMIT 1')
 4 SYSTEMPATH\Database\BaseBuilder.php(1616): CodeIgniter\Database\BaseConnection->query('SELECT 1
FROM `usuarios`
WHERE `email` = :email:
 LIMIT 1', [...], false)
 5 SYSTEMPATH\Validation\StrictRules\Rules.php(206): CodeIgniter\Database\BaseBuilder->get()
 6 SYSTEMPATH\Validation\Validation.php(278): CodeIgniter\Validation\StrictRules\Rules->is_unique('marcos@hotmail.com', 'email', [...], null, 'email')
 7 SYSTEMPATH\Validation\Validation.php(182): CodeIgniter\Validation\Validation->processRules('email', 'email', 'marcos@hotmail.com', [...], [...])
 8 SYSTEMPATH\Controller.php(141): CodeIgniter\Validation\Validation->run()
 9 APPPATH\Controllers\usuario_controller.php(25): CodeIgniter\Controller->validate([...])
10 SYSTEMPATH\CodeIgniter.php(932): App\Controllers\usuario_controller->formValidation()
11 SYSTEMPATH\CodeIgniter.php(497): CodeIgniter\CodeIgniter->runController(Object(App\Controllers\usuario_controller))
12 SYSTEMPATH\CodeIgniter.php(366): CodeIgniter\CodeIgniter->handleRequest(null, Object(Config\Cache), false)
13 FCPATH\index.php(67): CodeIgniter\CodeIgniter->run()
ERROR - 2023-09-18 22:52:27 --> mysqli_sql_exception: Table 'romero_m.usuarios' doesn't exist in C:\xampp\htdocs\marcos\system\Database\MySQLi\Connection.php:295
Stack trace:
#0 C:\xampp\htdocs\marcos\system\Database\MySQLi\Connection.php(295): mysqli->query('SELECT 1\nFROM `...', 0)
#1 C:\xampp\htdocs\marcos\system\Database\BaseConnection.php(692): CodeIgniter\Database\MySQLi\Connection->execute('SELECT 1\nFROM `...')
#2 C:\xampp\htdocs\marcos\system\Database\BaseConnection.php(606): CodeIgniter\Database\BaseConnection->simpleQuery('SELECT 1\nFROM `...')
#3 C:\xampp\htdocs\marcos\system\Database\BaseBuilder.php(1616): CodeIgniter\Database\BaseConnection->query('SELECT 1\nFROM `...', Array, false)
#4 C:\xampp\htdocs\marcos\system\Validation\StrictRules\Rules.php(206): CodeIgniter\Database\BaseBuilder->get()
#5 C:\xampp\htdocs\marcos\system\Validation\Validation.php(278): CodeIgniter\Validation\StrictRules\Rules->is_unique('nose@hotmail.co...', 'email', Array, NULL, 'email')
#6 C:\xampp\htdocs\marcos\system\Validation\Validation.php(182): CodeIgniter\Validation\Validation->processRules('email', 'email', 'nose@hotmail.co...', Array, Array)
#7 C:\xampp\htdocs\marcos\system\Controller.php(141): CodeIgniter\Validation\Validation->run()
#8 C:\xampp\htdocs\marcos\app\Controllers\usuario_controller.php(25): CodeIgniter\Controller->validate(Array)
#9 C:\xampp\htdocs\marcos\system\CodeIgniter.php(932): App\Controllers\usuario_controller->formValidation()
#10 C:\xampp\htdocs\marcos\system\CodeIgniter.php(497): CodeIgniter\CodeIgniter->runController(Object(App\Controllers\usuario_controller))
#11 C:\xampp\htdocs\marcos\system\CodeIgniter.php(366): CodeIgniter\CodeIgniter->handleRequest(NULL, Object(Config\Cache), false)
#12 C:\xampp\htdocs\marcos\index.php(67): CodeIgniter\CodeIgniter->run()
#13 {main}
CRITICAL - 2023-09-18 22:52:27 --> Table 'romero_m.usuarios' doesn't exist
in SYSTEMPATH\Database\MySQLi\Connection.php on line 295.
 1 SYSTEMPATH\Database\MySQLi\Connection.php(295): mysqli->query('SELECT 1
FROM `usuarios`
WHERE `email` = \'nose@hotmail.com\'
 LIMIT 1', 0)
 2 SYSTEMPATH\Database\BaseConnection.php(692): CodeIgniter\Database\MySQLi\Connection->execute('SELECT 1
FROM `usuarios`
WHERE `email` = \'nose@hotmail.com\'
 LIMIT 1')
 3 SYSTEMPATH\Database\BaseConnection.php(606): CodeIgniter\Database\BaseConnection->simpleQuery('SELECT 1
FROM `usuarios`
WHERE `email` = \'nose@hotmail.com\'
 LIMIT 1')
 4 SYSTEMPATH\Database\BaseBuilder.php(1616): CodeIgniter\Database\BaseConnection->query('SELECT 1
FROM `usuarios`
WHERE `email` = :email:
 LIMIT 1', [...], false)
 5 SYSTEMPATH\Validation\StrictRules\Rules.php(206): CodeIgniter\Database\BaseBuilder->get()
 6 SYSTEMPATH\Validation\Validation.php(278): CodeIgniter\Validation\StrictRules\Rules->is_unique('nose@hotmail.com', 'email', [...], null, 'email')
 7 SYSTEMPATH\Validation\Validation.php(182): CodeIgniter\Validation\Validation->processRules('email', 'email', 'nose@hotmail.com', [...], [...])
 8 SYSTEMPATH\Controller.php(141): CodeIgniter\Validation\Validation->run()
 9 APPPATH\Controllers\usuario_controller.php(25): CodeIgniter\Controller->validate([...])
10 SYSTEMPATH\CodeIgniter.php(932): App\Controllers\usuario_controller->formValidation()
11 SYSTEMPATH\CodeIgniter.php(497): CodeIgniter\CodeIgniter->runController(Object(App\Controllers\usuario_controller))
12 SYSTEMPATH\CodeIgniter.php(366): CodeIgniter\CodeIgniter->handleRequest(null, Object(Config\Cache), false)
13 FCPATH\index.php(67): CodeIgniter\CodeIgniter->run()
ERROR - 2023-09-18 23:06:35 --> mysqli_sql_exception: Table 'romero_m.usuarios' doesn't exist in C:\xampp\htdocs\marcos\system\Database\MySQLi\Connection.php:295
Stack trace:
#0 C:\xampp\htdocs\marcos\system\Database\MySQLi\Connection.php(295): mysqli->query('SELECT 1\nFROM `...', 0)
#1 C:\xampp\htdocs\marcos\system\Database\BaseConnection.php(692): CodeIgniter\Database\MySQLi\Connection->execute('SELECT 1\nFROM `...')
#2 C:\xampp\htdocs\marcos\system\Database\BaseConnection.php(606): CodeIgniter\Database\BaseConnection->simpleQuery('SELECT 1\nFROM `...')
#3 C:\xampp\htdocs\marcos\system\Database\BaseBuilder.php(1616): CodeIgniter\Database\BaseConnection->query('SELECT 1\nFROM `...', Array, false)
#4 C:\xampp\htdocs\marcos\system\Validation\StrictRules\Rules.php(206): CodeIgniter\Database\BaseBuilder->get()
#5 C:\xampp\htdocs\marcos\system\Validation\Validation.php(278): CodeIgniter\Validation\StrictRules\Rules->is_unique('nose@hotmail.co...', 'email', Array, NULL, 'email')
#6 C:\xampp\htdocs\marcos\system\Validation\Validation.php(182): CodeIgniter\Validation\Validation->processRules('email', 'email', 'nose@hotmail.co...', Array, Array)
#7 C:\xampp\htdocs\marcos\system\Controller.php(141): CodeIgniter\Validation\Validation->run()
#8 C:\xampp\htdocs\marcos\app\Controllers\usuario_controller.php(25): CodeIgniter\Controller->validate(Array)
#9 C:\xampp\htdocs\marcos\system\CodeIgniter.php(932): App\Controllers\usuario_controller->formValidation()
#10 C:\xampp\htdocs\marcos\system\CodeIgniter.php(497): CodeIgniter\CodeIgniter->runController(Object(App\Controllers\usuario_controller))
#11 C:\xampp\htdocs\marcos\system\CodeIgniter.php(366): CodeIgniter\CodeIgniter->handleRequest(NULL, Object(Config\Cache), false)
#12 C:\xampp\htdocs\marcos\index.php(67): CodeIgniter\CodeIgniter->run()
#13 {main}
CRITICAL - 2023-09-18 23:06:35 --> Table 'romero_m.usuarios' doesn't exist
in SYSTEMPATH\Database\MySQLi\Connection.php on line 295.
 1 SYSTEMPATH\Database\MySQLi\Connection.php(295): mysqli->query('SELECT 1
FROM `usuarios`
WHERE `email` = \'nose@hotmail.com\'
 LIMIT 1', 0)
 2 SYSTEMPATH\Database\BaseConnection.php(692): CodeIgniter\Database\MySQLi\Connection->execute('SELECT 1
FROM `usuarios`
WHERE `email` = \'nose@hotmail.com\'
 LIMIT 1')
 3 SYSTEMPATH\Database\BaseConnection.php(606): CodeIgniter\Database\BaseConnection->simpleQuery('SELECT 1
FROM `usuarios`
WHERE `email` = \'nose@hotmail.com\'
 LIMIT 1')
 4 SYSTEMPATH\Database\BaseBuilder.php(1616): CodeIgniter\Database\BaseConnection->query('SELECT 1
FROM `usuarios`
WHERE `email` = :email:
 LIMIT 1', [...], false)
 5 SYSTEMPATH\Validation\StrictRules\Rules.php(206): CodeIgniter\Database\BaseBuilder->get()
 6 SYSTEMPATH\Validation\Validation.php(278): CodeIgniter\Validation\StrictRules\Rules->is_unique('nose@hotmail.com', 'email', [...], null, 'email')
 7 SYSTEMPATH\Validation\Validation.php(182): CodeIgniter\Validation\Validation->processRules('email', 'email', 'nose@hotmail.com', [...], [...])
 8 SYSTEMPATH\Controller.php(141): CodeIgniter\Validation\Validation->run()
 9 APPPATH\Controllers\usuario_controller.php(25): CodeIgniter\Controller->validate([...])
10 SYSTEMPATH\CodeIgniter.php(932): App\Controllers\usuario_controller->formValidation()
11 SYSTEMPATH\CodeIgniter.php(497): CodeIgniter\CodeIgniter->runController(Object(App\Controllers\usuario_controller))
12 SYSTEMPATH\CodeIgniter.php(366): CodeIgniter\CodeIgniter->handleRequest(null, Object(Config\Cache), false)
13 FCPATH\index.php(67): CodeIgniter\CodeIgniter->run()
ERROR - 2023-09-18 23:06:58 --> mysqli_sql_exception: Table 'romero_m.usuarios' doesn't exist in C:\xampp\htdocs\marcos\system\Database\MySQLi\Connection.php:295
Stack trace:
#0 C:\xampp\htdocs\marcos\system\Database\MySQLi\Connection.php(295): mysqli->query('SELECT 1\nFROM `...', 0)
#1 C:\xampp\htdocs\marcos\system\Database\BaseConnection.php(692): CodeIgniter\Database\MySQLi\Connection->execute('SELECT 1\nFROM `...')
#2 C:\xampp\htdocs\marcos\system\Database\BaseConnection.php(606): CodeIgniter\Database\BaseConnection->simpleQuery('SELECT 1\nFROM `...')
#3 C:\xampp\htdocs\marcos\system\Database\BaseBuilder.php(1616): CodeIgniter\Database\BaseConnection->query('SELECT 1\nFROM `...', Array, false)
#4 C:\xampp\htdocs\marcos\system\Validation\StrictRules\Rules.php(206): CodeIgniter\Database\BaseBuilder->get()
#5 C:\xampp\htdocs\marcos\system\Validation\Validation.php(278): CodeIgniter\Validation\StrictRules\Rules->is_unique('nose@hotmail.co...', 'email', Array, NULL, 'email')
#6 C:\xampp\htdocs\marcos\system\Validation\Validation.php(182): CodeIgniter\Validation\Validation->processRules('email', 'email', 'nose@hotmail.co...', Array, Array)
#7 C:\xampp\htdocs\marcos\system\Controller.php(141): CodeIgniter\Validation\Validation->run()
#8 C:\xampp\htdocs\marcos\app\Controllers\usuario_controller.php(25): CodeIgniter\Controller->validate(Array)
#9 C:\xampp\htdocs\marcos\system\CodeIgniter.php(932): App\Controllers\usuario_controller->formValidation()
#10 C:\xampp\htdocs\marcos\system\CodeIgniter.php(497): CodeIgniter\CodeIgniter->runController(Object(App\Controllers\usuario_controller))
#11 C:\xampp\htdocs\marcos\system\CodeIgniter.php(366): CodeIgniter\CodeIgniter->handleRequest(NULL, Object(Config\Cache), false)
#12 C:\xampp\htdocs\marcos\index.php(67): CodeIgniter\CodeIgniter->run()
#13 {main}
CRITICAL - 2023-09-18 23:06:58 --> Table 'romero_m.usuarios' doesn't exist
in SYSTEMPATH\Database\MySQLi\Connection.php on line 295.
 1 SYSTEMPATH\Database\MySQLi\Connection.php(295): mysqli->query('SELECT 1
FROM `usuarios`
WHERE `email` = \'nose@hotmail.com\'
 LIMIT 1', 0)
 2 SYSTEMPATH\Database\BaseConnection.php(692): CodeIgniter\Database\MySQLi\Connection->execute('SELECT 1
FROM `usuarios`
WHERE `email` = \'nose@hotmail.com\'
 LIMIT 1')
 3 SYSTEMPATH\Database\BaseConnection.php(606): CodeIgniter\Database\BaseConnection->simpleQuery('SELECT 1
FROM `usuarios`
WHERE `email` = \'nose@hotmail.com\'
 LIMIT 1')
 4 SYSTEMPATH\Database\BaseBuilder.php(1616): CodeIgniter\Database\BaseConnection->query('SELECT 1
FROM `usuarios`
WHERE `email` = :email:
 LIMIT 1', [...], false)
 5 SYSTEMPATH\Validation\StrictRules\Rules.php(206): CodeIgniter\Database\BaseBuilder->get()
 6 SYSTEMPATH\Validation\Validation.php(278): CodeIgniter\Validation\StrictRules\Rules->is_unique('nose@hotmail.com', 'email', [...], null, 'email')
 7 SYSTEMPATH\Validation\Validation.php(182): CodeIgniter\Validation\Validation->processRules('email', 'email', 'nose@hotmail.com', [...], [...])
 8 SYSTEMPATH\Controller.php(141): CodeIgniter\Validation\Validation->run()
 9 APPPATH\Controllers\usuario_controller.php(25): CodeIgniter\Controller->validate([...])
10 SYSTEMPATH\CodeIgniter.php(932): App\Controllers\usuario_controller->formValidation()
11 SYSTEMPATH\CodeIgniter.php(497): CodeIgniter\CodeIgniter->runController(Object(App\Controllers\usuario_controller))
12 SYSTEMPATH\CodeIgniter.php(366): CodeIgniter\CodeIgniter->handleRequest(null, Object(Config\Cache), false)
13 FCPATH\index.php(67): CodeIgniter\CodeIgniter->run()
ERROR - 2023-09-18 23:09:04 --> mysqli_sql_exception: Table 'romero_m.usuarios' doesn't exist in C:\xampp\htdocs\marcos\system\Database\MySQLi\Connection.php:295
Stack trace:
#0 C:\xampp\htdocs\marcos\system\Database\MySQLi\Connection.php(295): mysqli->query('SELECT 1\nFROM `...', 0)
#1 C:\xampp\htdocs\marcos\system\Database\BaseConnection.php(692): CodeIgniter\Database\MySQLi\Connection->execute('SELECT 1\nFROM `...')
#2 C:\xampp\htdocs\marcos\system\Database\BaseConnection.php(606): CodeIgniter\Database\BaseConnection->simpleQuery('SELECT 1\nFROM `...')
#3 C:\xampp\htdocs\marcos\system\Database\BaseBuilder.php(1616): CodeIgniter\Database\BaseConnection->query('SELECT 1\nFROM `...', Array, false)
#4 C:\xampp\htdocs\marcos\system\Validation\StrictRules\Rules.php(206): CodeIgniter\Database\BaseBuilder->get()
#5 C:\xampp\htdocs\marcos\system\Validation\Validation.php(278): CodeIgniter\Validation\StrictRules\Rules->is_unique('nose@hotmail.co...', 'email', Array, NULL, 'email')
#6 C:\xampp\htdocs\marcos\system\Validation\Validation.php(182): CodeIgniter\Validation\Validation->processRules('email', 'email', 'nose@hotmail.co...', Array, Array)
#7 C:\xampp\htdocs\marcos\system\Controller.php(141): CodeIgniter\Validation\Validation->run()
#8 C:\xampp\htdocs\marcos\app\Controllers\usuario_controller.php(25): CodeIgniter\Controller->validate(Array)
#9 C:\xampp\htdocs\marcos\system\CodeIgniter.php(932): App\Controllers\usuario_controller->formValidation()
#10 C:\xampp\htdocs\marcos\system\CodeIgniter.php(497): CodeIgniter\CodeIgniter->runController(Object(App\Controllers\usuario_controller))
#11 C:\xampp\htdocs\marcos\system\CodeIgniter.php(366): CodeIgniter\CodeIgniter->handleRequest(NULL, Object(Config\Cache), false)
#12 C:\xampp\htdocs\marcos\index.php(67): CodeIgniter\CodeIgniter->run()
#13 {main}
CRITICAL - 2023-09-18 23:09:04 --> Table 'romero_m.usuarios' doesn't exist
in SYSTEMPATH\Database\MySQLi\Connection.php on line 295.
 1 SYSTEMPATH\Database\MySQLi\Connection.php(295): mysqli->query('SELECT 1
FROM `usuarios`
WHERE `email` = \'nose@hotmail.com\'
 LIMIT 1', 0)
 2 SYSTEMPATH\Database\BaseConnection.php(692): CodeIgniter\Database\MySQLi\Connection->execute('SELECT 1
FROM `usuarios`
WHERE `email` = \'nose@hotmail.com\'
 LIMIT 1')
 3 SYSTEMPATH\Database\BaseConnection.php(606): CodeIgniter\Database\BaseConnection->simpleQuery('SELECT 1
FROM `usuarios`
WHERE `email` = \'nose@hotmail.com\'
 LIMIT 1')
 4 SYSTEMPATH\Database\BaseBuilder.php(1616): CodeIgniter\Database\BaseConnection->query('SELECT 1
FROM `usuarios`
WHERE `email` = :email:
 LIMIT 1', [...], false)
 5 SYSTEMPATH\Validation\StrictRules\Rules.php(206): CodeIgniter\Database\BaseBuilder->get()
 6 SYSTEMPATH\Validation\Validation.php(278): CodeIgniter\Validation\StrictRules\Rules->is_unique('nose@hotmail.com', 'email', [...], null, 'email')
 7 SYSTEMPATH\Validation\Validation.php(182): CodeIgniter\Validation\Validation->processRules('email', 'email', 'nose@hotmail.com', [...], [...])
 8 SYSTEMPATH\Controller.php(141): CodeIgniter\Validation\Validation->run()
 9 APPPATH\Controllers\usuario_controller.php(25): CodeIgniter\Controller->validate([...])
10 SYSTEMPATH\CodeIgniter.php(932): App\Controllers\usuario_controller->formValidation()
11 SYSTEMPATH\CodeIgniter.php(497): CodeIgniter\CodeIgniter->runController(Object(App\Controllers\usuario_controller))
12 SYSTEMPATH\CodeIgniter.php(366): CodeIgniter\CodeIgniter->handleRequest(null, Object(Config\Cache), false)
13 FCPATH\index.php(67): CodeIgniter\CodeIgniter->run()
ERROR - 2023-09-18 23:12:26 --> mysqli_sql_exception: Table 'romero_m.usuarios' doesn't exist in C:\xampp\htdocs\marcos\system\Database\MySQLi\Connection.php:295
Stack trace:
#0 C:\xampp\htdocs\marcos\system\Database\MySQLi\Connection.php(295): mysqli->query('SELECT 1\nFROM `...', 0)
#1 C:\xampp\htdocs\marcos\system\Database\BaseConnection.php(692): CodeIgniter\Database\MySQLi\Connection->execute('SELECT 1\nFROM `...')
#2 C:\xampp\htdocs\marcos\system\Database\BaseConnection.php(606): CodeIgniter\Database\BaseConnection->simpleQuery('SELECT 1\nFROM `...')
#3 C:\xampp\htdocs\marcos\system\Database\BaseBuilder.php(1616): CodeIgniter\Database\BaseConnection->query('SELECT 1\nFROM `...', Array, false)
#4 C:\xampp\htdocs\marcos\system\Validation\StrictRules\Rules.php(206): CodeIgniter\Database\BaseBuilder->get()
#5 C:\xampp\htdocs\marcos\system\Validation\Validation.php(278): CodeIgniter\Validation\StrictRules\Rules->is_unique('nose@hotmail.co...', 'email', Array, NULL, 'email')
#6 C:\xampp\htdocs\marcos\system\Validation\Validation.php(182): CodeIgniter\Validation\Validation->processRules('email', 'email', 'nose@hotmail.co...', Array, Array)
#7 C:\xampp\htdocs\marcos\system\Controller.php(141): CodeIgniter\Validation\Validation->run()
#8 C:\xampp\htdocs\marcos\app\Controllers\usuario_controller.php(25): CodeIgniter\Controller->validate(Array)
#9 C:\xampp\htdocs\marcos\system\CodeIgniter.php(932): App\Controllers\usuario_controller->formValidation()
#10 C:\xampp\htdocs\marcos\system\CodeIgniter.php(497): CodeIgniter\CodeIgniter->runController(Object(App\Controllers\usuario_controller))
#11 C:\xampp\htdocs\marcos\system\CodeIgniter.php(366): CodeIgniter\CodeIgniter->handleRequest(NULL, Object(Config\Cache), false)
#12 C:\xampp\htdocs\marcos\index.php(67): CodeIgniter\CodeIgniter->run()
#13 {main}
CRITICAL - 2023-09-18 23:12:26 --> Table 'romero_m.usuarios' doesn't exist
in SYSTEMPATH\Database\MySQLi\Connection.php on line 295.
 1 SYSTEMPATH\Database\MySQLi\Connection.php(295): mysqli->query('SELECT 1
FROM `usuarios`
WHERE `email` = \'nose@hotmail.com\'
 LIMIT 1', 0)
 2 SYSTEMPATH\Database\BaseConnection.php(692): CodeIgniter\Database\MySQLi\Connection->execute('SELECT 1
FROM `usuarios`
WHERE `email` = \'nose@hotmail.com\'
 LIMIT 1')
 3 SYSTEMPATH\Database\BaseConnection.php(606): CodeIgniter\Database\BaseConnection->simpleQuery('SELECT 1
FROM `usuarios`
WHERE `email` = \'nose@hotmail.com\'
 LIMIT 1')
 4 SYSTEMPATH\Database\BaseBuilder.php(1616): CodeIgniter\Database\BaseConnection->query('SELECT 1
FROM `usuarios`
WHERE `email` = :email:
 LIMIT 1', [...], false)
 5 SYSTEMPATH\Validation\StrictRules\Rules.php(206): CodeIgniter\Database\BaseBuilder->get()
 6 SYSTEMPATH\Validation\Validation.php(278): CodeIgniter\Validation\StrictRules\Rules->is_unique('nose@hotmail.com', 'email', [...], null, 'email')
 7 SYSTEMPATH\Validation\Validation.php(182): CodeIgniter\Validation\Validation->processRules('email', 'email', 'nose@hotmail.com', [...], [...])
 8 SYSTEMPATH\Controller.php(141): CodeIgniter\Validation\Validation->run()
 9 APPPATH\Controllers\usuario_controller.php(25): CodeIgniter\Controller->validate([...])
10 SYSTEMPATH\CodeIgniter.php(932): App\Controllers\usuario_controller->formValidation()
11 SYSTEMPATH\CodeIgniter.php(497): CodeIgniter\CodeIgniter->runController(Object(App\Controllers\usuario_controller))
12 SYSTEMPATH\CodeIgniter.php(366): CodeIgniter\CodeIgniter->handleRequest(null, Object(Config\Cache), false)
13 FCPATH\index.php(67): CodeIgniter\CodeIgniter->run()
ERROR - 2023-09-18 23:18:16 --> mysqli_sql_exception: Table 'romero_m.usuarios' doesn't exist in C:\xampp\htdocs\marcos\system\Database\MySQLi\Connection.php:295
Stack trace:
#0 C:\xampp\htdocs\marcos\system\Database\MySQLi\Connection.php(295): mysqli->query('SELECT 1\nFROM `...', 0)
#1 C:\xampp\htdocs\marcos\system\Database\BaseConnection.php(692): CodeIgniter\Database\MySQLi\Connection->execute('SELECT 1\nFROM `...')
#2 C:\xampp\htdocs\marcos\system\Database\BaseConnection.php(606): CodeIgniter\Database\BaseConnection->simpleQuery('SELECT 1\nFROM `...')
#3 C:\xampp\htdocs\marcos\system\Database\BaseBuilder.php(1616): CodeIgniter\Database\BaseConnection->query('SELECT 1\nFROM `...', Array, false)
#4 C:\xampp\htdocs\marcos\system\Validation\StrictRules\Rules.php(206): CodeIgniter\Database\BaseBuilder->get()
#5 C:\xampp\htdocs\marcos\system\Validation\Validation.php(278): CodeIgniter\Validation\StrictRules\Rules->is_unique('nose@hotmail.co...', 'email', Array, NULL, 'email')
#6 C:\xampp\htdocs\marcos\system\Validation\Validation.php(182): CodeIgniter\Validation\Validation->processRules('email', 'email', 'nose@hotmail.co...', Array, Array)
#7 C:\xampp\htdocs\marcos\system\Controller.php(141): CodeIgniter\Validation\Validation->run()
#8 C:\xampp\htdocs\marcos\app\Controllers\usuario_controller.php(25): CodeIgniter\Controller->validate(Array)
#9 C:\xampp\htdocs\marcos\system\CodeIgniter.php(932): App\Controllers\usuario_controller->formValidation()
#10 C:\xampp\htdocs\marcos\system\CodeIgniter.php(497): CodeIgniter\CodeIgniter->runController(Object(App\Controllers\usuario_controller))
#11 C:\xampp\htdocs\marcos\system\CodeIgniter.php(366): CodeIgniter\CodeIgniter->handleRequest(NULL, Object(Config\Cache), false)
#12 C:\xampp\htdocs\marcos\index.php(67): CodeIgniter\CodeIgniter->run()
#13 {main}
CRITICAL - 2023-09-18 23:18:16 --> Table 'romero_m.usuarios' doesn't exist
in SYSTEMPATH\Database\MySQLi\Connection.php on line 295.
 1 SYSTEMPATH\Database\MySQLi\Connection.php(295): mysqli->query('SELECT 1
FROM `usuarios`
WHERE `email` = \'nose@hotmail.com\'
 LIMIT 1', 0)
 2 SYSTEMPATH\Database\BaseConnection.php(692): CodeIgniter\Database\MySQLi\Connection->execute('SELECT 1
FROM `usuarios`
WHERE `email` = \'nose@hotmail.com\'
 LIMIT 1')
 3 SYSTEMPATH\Database\BaseConnection.php(606): CodeIgniter\Database\BaseConnection->simpleQuery('SELECT 1
FROM `usuarios`
WHERE `email` = \'nose@hotmail.com\'
 LIMIT 1')
 4 SYSTEMPATH\Database\BaseBuilder.php(1616): CodeIgniter\Database\BaseConnection->query('SELECT 1
FROM `usuarios`
WHERE `email` = :email:
 LIMIT 1', [...], false)
 5 SYSTEMPATH\Validation\StrictRules\Rules.php(206): CodeIgniter\Database\BaseBuilder->get()
 6 SYSTEMPATH\Validation\Validation.php(278): CodeIgniter\Validation\StrictRules\Rules->is_unique('nose@hotmail.com', 'email', [...], null, 'email')
 7 SYSTEMPATH\Validation\Validation.php(182): CodeIgniter\Validation\Validation->processRules('email', 'email', 'nose@hotmail.com', [...], [...])
 8 SYSTEMPATH\Controller.php(141): CodeIgniter\Validation\Validation->run()
 9 APPPATH\Controllers\usuario_controller.php(25): CodeIgniter\Controller->validate([...])
10 SYSTEMPATH\CodeIgniter.php(932): App\Controllers\usuario_controller->formValidation()
11 SYSTEMPATH\CodeIgniter.php(497): CodeIgniter\CodeIgniter->runController(Object(App\Controllers\usuario_controller))
12 SYSTEMPATH\CodeIgniter.php(366): CodeIgniter\CodeIgniter->handleRequest(null, Object(Config\Cache), false)
13 FCPATH\index.php(67): CodeIgniter\CodeIgniter->run()
