CRITICAL - 2023-09-23 13:05:41 --> Call to a member function getError() on null
in APPPATH\Views\back\usuario\login.php on line 30.
 1 SYSTEMPATH\View\View.php(224): include()
 2 SYSTEMPATH\View\View.php(227): CodeIgniter\View\View->CodeIgniter\View\{closure}()
 3 SYSTEMPATH\Common.php(1176): CodeIgniter\View\View->render('back/usuario/login', [], true)
 4 APPPATH\Controllers\Home.php(64): view('back/usuario/login')
 5 SYSTEMPATH\CodeIgniter.php(932): App\Controllers\Home->login()
 6 SYSTEMPATH\CodeIgniter.php(497): CodeIgniter\CodeIgniter->runController(Object(App\Controllers\Home))
 7 SYSTEMPATH\CodeIgniter.php(366): CodeIgniter\CodeIgniter->handleRequest(null, Object(Config\Cache), false)
 8 FCPATH\index.php(67): CodeIgniter\CodeIgniter->run()
CRITICAL - 2023-09-23 20:24:08 --> Cannot use CodeIgniter\HTTP\RequestInterface as RequestInterface because the name is already in use
in APPPATH\Filters\Auth.php on line 4.
 1 [internal function]: CodeIgniter\Debug\Exceptions->shutdownHandler()
CRITICAL - 2023-09-23 20:27:11 --> syntax error, unexpected 'echo' (T_ECHO)
in APPPATH\Controllers\panel_controller.php on line 17.
 1 SYSTEMPATH\Autoloader\Autoloader.php(291): CodeIgniter\Autoloader\Autoloader->includeFile('C:\\xampp\\htdocs\\marcos\\app\\Controllers\\panel_controller.php')
 2 SYSTEMPATH\Autoloader\Autoloader.php(269): CodeIgniter\Autoloader\Autoloader->loadInNamespace('App\\Controllers\\panel_controller')
 3 [internal function]: CodeIgniter\Autoloader\Autoloader->loadClass('App\\Controllers\\panel_controller')
 4 [internal function]: spl_autoload_call('App\\Controllers\\panel_controller')
 5 SYSTEMPATH\CodeIgniter.php(890): class_exists('\\App\\Controllers\\panel_controller', true)
 6 SYSTEMPATH\CodeIgniter.php(484): CodeIgniter\CodeIgniter->startController()
 7 SYSTEMPATH\CodeIgniter.php(366): CodeIgniter\CodeIgniter->handleRequest(null, Object(Config\Cache), false)
 8 FCPATH\index.php(67): CodeIgniter\CodeIgniter->run()
CRITICAL - 2023-09-23 20:58:29 --> syntax error, unexpected end of file, expecting elseif (T_ELSEIF) or else (T_ELSE) or endif (T_ENDIF)
in APPPATH\Views\back\usuario\usuario_logueado.php on line 23.
 1 SYSTEMPATH\View\View.php(227): CodeIgniter\View\View->CodeIgniter\View\{closure}()
 2 SYSTEMPATH\Common.php(1176): CodeIgniter\View\View->render('back/usuario/usuario_logueado', [], true)
 3 APPPATH\Controllers\panel_controller.php(19): view('back/usuario/usuario_logueado', [...])
 4 SYSTEMPATH\CodeIgniter.php(932): App\Controllers\panel_controller->index()
 5 SYSTEMPATH\CodeIgniter.php(497): CodeIgniter\CodeIgniter->runController(Object(App\Controllers\panel_controller))
 6 SYSTEMPATH\CodeIgniter.php(366): CodeIgniter\CodeIgniter->handleRequest(null, Object(Config\Cache), false)
 7 FCPATH\index.php(67): CodeIgniter\CodeIgniter->run()
CRITICAL - 2023-09-23 20:59:48 --> syntax error, unexpected end of file, expecting elseif (T_ELSEIF) or else (T_ELSE) or endif (T_ENDIF)
in APPPATH\Views\back\usuario\usuario_logueado.php on line 23.
 1 SYSTEMPATH\View\View.php(227): CodeIgniter\View\View->CodeIgniter\View\{closure}()
 2 SYSTEMPATH\Common.php(1176): CodeIgniter\View\View->render('back/usuario/usuario_logueado', [], true)
 3 APPPATH\Controllers\panel_controller.php(19): view('back/usuario/usuario_logueado', [...])
 4 SYSTEMPATH\CodeIgniter.php(932): App\Controllers\panel_controller->index()
 5 SYSTEMPATH\CodeIgniter.php(497): CodeIgniter\CodeIgniter->runController(Object(App\Controllers\panel_controller))
 6 SYSTEMPATH\CodeIgniter.php(366): CodeIgniter\CodeIgniter->handleRequest(null, Object(Config\Cache), false)
 7 FCPATH\index.php(67): CodeIgniter\CodeIgniter->run()
CRITICAL - 2023-09-23 21:00:40 --> syntax error, unexpected end of file, expecting elseif (T_ELSEIF) or else (T_ELSE) or endif (T_ENDIF)
in APPPATH\Views\back\usuario\usuario_logueado.php on line 22.
 1 SYSTEMPATH\View\View.php(227): CodeIgniter\View\View->CodeIgniter\View\{closure}()
 2 SYSTEMPATH\Common.php(1176): CodeIgniter\View\View->render('back/usuario/usuario_logueado', [], true)
 3 APPPATH\Controllers\panel_controller.php(19): view('back/usuario/usuario_logueado', [...])
 4 SYSTEMPATH\CodeIgniter.php(932): App\Controllers\panel_controller->index()
 5 SYSTEMPATH\CodeIgniter.php(497): CodeIgniter\CodeIgniter->runController(Object(App\Controllers\panel_controller))
 6 SYSTEMPATH\CodeIgniter.php(366): CodeIgniter\CodeIgniter->handleRequest(null, Object(Config\Cache), false)
 7 FCPATH\index.php(67): CodeIgniter\CodeIgniter->run()
CRITICAL - 2023-09-23 21:01:11 --> Call to undefined function sesseion()
in APPPATH\Views\back\usuario\usuario_logueado.php on line 4.
 1 SYSTEMPATH\View\View.php(224): include()
 2 SYSTEMPATH\View\View.php(227): CodeIgniter\View\View->CodeIgniter\View\{closure}()
 3 SYSTEMPATH\Common.php(1176): CodeIgniter\View\View->render('back/usuario/usuario_logueado', [], true)
 4 APPPATH\Controllers\panel_controller.php(19): view('back/usuario/usuario_logueado', [...])
 5 SYSTEMPATH\CodeIgniter.php(932): App\Controllers\panel_controller->index()
 6 SYSTEMPATH\CodeIgniter.php(497): CodeIgniter\CodeIgniter->runController(Object(App\Controllers\panel_controller))
 7 SYSTEMPATH\CodeIgniter.php(366): CodeIgniter\CodeIgniter->handleRequest(null, Object(Config\Cache), false)
 8 FCPATH\index.php(67): CodeIgniter\CodeIgniter->run()
