CRITICAL - 2023-09-20 23:01:57 --> Invalid file: "front/registro(2).php"
in SYSTEMPATH\Exceptions\FrameworkException.php on line 33.
 1 SYSTEMPATH\View\View.php(212): CodeIgniter\Exceptions\FrameworkException::forInvalidFile('front/registro(2).php')
 2 SYSTEMPATH\Common.php(1176): CodeIgniter\View\View->render('front/registro(2)', [], true)
 3 APPPATH\Controllers\Home.php(81): view('front/registro(2)')
 4 SYSTEMPATH\CodeIgniter.php(932): App\Controllers\Home->reg2()
 5 SYSTEMPATH\CodeIgniter.php(497): CodeIgniter\CodeIgniter->runController(Object(App\Controllers\Home))
 6 SYSTEMPATH\CodeIgniter.php(366): CodeIgniter\CodeIgniter->handleRequest(null, Object(Config\Cache), false)
 7 FCPATH\index.php(67): CodeIgniter\CodeIgniter->run()
CRITICAL - 2023-09-20 23:02:04 --> Invalid file: "front/registro(2).php"
in SYSTEMPATH\Exceptions\FrameworkException.php on line 33.
 1 SYSTEMPATH\View\View.php(212): CodeIgniter\Exceptions\FrameworkException::forInvalidFile('front/registro(2).php')
 2 SYSTEMPATH\Common.php(1176): CodeIgniter\View\View->render('front/registro(2)', [], true)
 3 APPPATH\Controllers\Home.php(81): view('front/registro(2)')
 4 SYSTEMPATH\CodeIgniter.php(932): App\Controllers\Home->reg2()
 5 SYSTEMPATH\CodeIgniter.php(497): CodeIgniter\CodeIgniter->runController(Object(App\Controllers\Home))
 6 SYSTEMPATH\CodeIgniter.php(366): CodeIgniter\CodeIgniter->handleRequest(null, Object(Config\Cache), false)
 7 FCPATH\index.php(67): CodeIgniter\CodeIgniter->run()
CRITICAL - 2023-09-20 23:04:25 --> Invalid file: "front/registro(2).php"
in SYSTEMPATH\Exceptions\FrameworkException.php on line 33.
 1 SYSTEMPATH\View\View.php(212): CodeIgniter\Exceptions\FrameworkException::forInvalidFile('front/registro(2).php')
 2 SYSTEMPATH\Common.php(1176): CodeIgniter\View\View->render('front/registro(2)', [], true)
 3 APPPATH\Controllers\Home.php(81): view('front/registro(2)')
 4 SYSTEMPATH\CodeIgniter.php(932): App\Controllers\Home->reg2()
 5 SYSTEMPATH\CodeIgniter.php(497): CodeIgniter\CodeIgniter->runController(Object(App\Controllers\Home))
 6 SYSTEMPATH\CodeIgniter.php(366): CodeIgniter\CodeIgniter->handleRequest(null, Object(Config\Cache), false)
 7 FCPATH\index.php(67): CodeIgniter\CodeIgniter->run()
